2022-10-29 12:22:10,205 INFO: 
                ____                _       _____  ____
               / __ ) ____ _ _____ (_)_____/ ___/ / __ \
              / __  |/ __ `// ___// // ___/\__ \ / /_/ /
             / /_/ // /_/ /(__  )/ // /__ ___/ // _, _/
            /_____/ \__,_//____//_/ \___//____//_/ |_|
     ______                   __   __                 __      __
    / ____/____   ____   ____/ /  / /   __  __ _____ / /__   / /
   / / __ / __ \ / __ \ / __  /  / /   / / / // ___// //_/  / /
  / /_/ // /_/ // /_/ // /_/ /  / /___/ /_/ // /__ / /<    /_/
  \____/ \____/ \____/ \____/  /_____/\____/ \___//_/|_|  (_)
    
Version Information: 
	BasicSR: 1.2.0+858f1c2
	PyTorch: 1.12.1
	TorchVision: 0.13.1
2022-10-29 12:22:10,206 INFO: 
  name: WaveletNet-Rain13k-width32_VanillaAttention_LocalConvNext_True_MIX
  model_type: ImageRestorationModel
  scale: 1
  num_gpu: 1
  manual_seed: 10
  datasets:[
    train:[
      name: TrainSet
      type: PairedImageDataset
      dataroot_gt: ./dataset/Rain13K/target
      dataroot_lq: ./dataset/Rain13K/input
      geometric_augs: True
      filename_tmpl: {}
      io_backend:[
        type: disk
      ]
      gt_size: 256
      use_flip: False
      use_rot: False
      use_shuffle: True
      num_worker_per_gpu: 8
      batch_size_per_gpu: 8
      dataset_enlarge_ratio: 1
      prefetch_mode: None
      phase: train
      scale: 1
    ]
    val:[
      name: ValSet
      type: PairedImageDataset
      dataroot_gt: ./dataset/test/Test1200/target
      dataroot_lq: ./dataset/test/Test1200/input
      io_backend:[
        type: disk
      ]
      phase: val
      scale: 1
    ]
  ]
  network_g:[
    type: WaveletNet
    width: 32
    enc_blk_nums: [4, 4, 6]
    middle_blk_num: 8
    dec_blk_nums: [4, 4, 6]
    G: VanillaAttention
    L: LocalConvNeXt
    S: True
  ]
  path:[
    pretrain_network_g: None
    strict_load_g: True
    resume_state: None
    root: /home/weishao/Projects/CVPR_2022/wavelet-transformer
    experiments_root: /home/weishao/Projects/CVPR_2022/wavelet-transformer/experiments/WaveletNet-Rain13k-width32_VanillaAttention_LocalConvNext_True_MIX
    models: /home/weishao/Projects/CVPR_2022/wavelet-transformer/experiments/WaveletNet-Rain13k-width32_VanillaAttention_LocalConvNext_True_MIX/models
    training_states: /home/weishao/Projects/CVPR_2022/wavelet-transformer/experiments/WaveletNet-Rain13k-width32_VanillaAttention_LocalConvNext_True_MIX/training_states
    log: /home/weishao/Projects/CVPR_2022/wavelet-transformer/experiments/WaveletNet-Rain13k-width32_VanillaAttention_LocalConvNext_True_MIX
    visualization: /home/weishao/Projects/CVPR_2022/wavelet-transformer/experiments/WaveletNet-Rain13k-width32_VanillaAttention_LocalConvNext_True_MIX/visualization
  ]
  train:[
    optim_g:[
      type: AdamW
      lr: 0.0003
      weight_decay: 0.0001
      betas: [0.9, 0.999]
    ]
    scheduler:[
      type: CosineAnnealingRestartCyclicLR
      periods: [70000, 330000]
      restart_weights: [1, 1]
      eta_mins: [0.0003, 1e-07]
    ]
    total_iter: 400000
    warmup_iter: -1
    pixel_opt:[
      type: PSNRLoss
      loss_weight: 1
      reduction: mean
    ]
  ]
  val:[
    val_freq: 20000.0
    save_img: False
    use_image: False
    metrics:[
      psnr:[
        type: calculate_psnr
        crop_border: 0
        test_y_channel: False
      ]
      ssim:[
        type: calculate_ssim
        crop_border: 0
        test_y_channel: False
      ]
    ]
  ]
  logger:[
    print_freq: 200
    save_checkpoint_freq: 5000.0
    use_tb_logger: True
    wandb:[
      project: None
      resume_id: None
    ]
  ]
  dist_params:[
    backend: nccl
    port: 29500
  ]
  is_train: True
  dist: False
  rank: 0
  world_size: 1

2022-10-29 12:22:11,786 INFO: Dataset PairedImageDataset - TrainSet is created.
2022-10-29 12:22:11,788 INFO: Training statistics:
	Number of train images: 13711
	Dataset enlarge ratio: 1
	Batch size per gpu: 8
	World size (gpu number): 1
	Require iter number per epoch: 1714
	Total epochs: 234; iters: 400000.
2022-10-29 12:22:11,823 INFO: Dataset PairedImageDataset - ValSet is created.
2022-10-29 12:22:11,823 INFO: Number of val images/folders in ValSet: 1200
2022-10-29 12:22:13,387 INFO: Model [ImageRestorationModel] is created.
2022-10-29 12:22:13,538 INFO: Start training from epoch: 0, iter: 0
