2023-03-09 02:39:00,593 INFO: 
                ____                _       _____  ____
               / __ ) ____ _ _____ (_)_____/ ___/ / __ \
              / __  |/ __ `// ___// // ___/\__ \ / /_/ /
             / /_/ // /_/ /(__  )/ // /__ ___/ // _, _/
            /_____/ \__,_//____//_/ \___//____//_/ |_|
     ______                   __   __                 __      __
    / ____/____   ____   ____/ /  / /   __  __ _____ / /__   / /
   / / __ / __ \ / __ \ / __  /  / /   / / / // ___// //_/  / /
  / /_/ // /_/ // /_/ // /_/ /  / /___/ /_/ // /__ / /<    /_/
  \____/ \____/ \____/ \____/  /_____/\____/ \___//_/|_|  (_)
    
Version Information: 
	BasicSR: 1.2.0+b82b646
	PyTorch: 1.13.1
	TorchVision: 0.14.1
2023-03-09 02:39:00,593 INFO: 
  name: WaveletNet-SIDD-width16_ConvNeXt_swin
  model_type: ImageRestorationModel
  scale: 1
  num_gpu: 2
  manual_seed: 10
  datasets:[
    train:[
      name: SIDD
      type: PairedImageDataset
      dataroot_gt: ./data/SIDD/train/gt_crops.lmdb
      dataroot_lq: ./data/SIDD/train/input_crops.lmdb
      filename_tmpl: {}
      io_backend:[
        type: lmdb
      ]
      gt_size: 256
      use_flip: False
      use_rot: False
      use_shuffle: True
      num_worker_per_gpu: 12
      batch_size_per_gpu: 8
      dataset_enlarge_ratio: 1
      prefetch_mode: None
      phase: train
      scale: 1
    ]
    val:[
      name: SIDD_val
      type: PairedImageDataset
      dataroot_gt: ./data/SIDD/val/gt_crops.lmdb
      dataroot_lq: ./data/SIDD/val/input_crops.lmdb
      io_backend:[
        type: lmdb
      ]
      phase: val
      scale: 1
    ]
  ]
  network_g:[
    type: WaveletNet
    mode: ConvNext
    width: 16
    enc_blk_nums: [2, 2, 8]
    middle_blk_num: 3
    dec_blk_nums: [2, 2, 1]
  ]
  path:[
    pretrain_network_g: None
    strict_load_g: True
    resume_state: None
    root: /Users/jerry/Desktop/wavelet-transformer
    experiments_root: /Users/jerry/Desktop/wavelet-transformer/experiments/WaveletNet-SIDD-width16_ConvNeXt_swin
    models: /Users/jerry/Desktop/wavelet-transformer/experiments/WaveletNet-SIDD-width16_ConvNeXt_swin/models
    training_states: /Users/jerry/Desktop/wavelet-transformer/experiments/WaveletNet-SIDD-width16_ConvNeXt_swin/training_states
    log: /Users/jerry/Desktop/wavelet-transformer/experiments/WaveletNet-SIDD-width16_ConvNeXt_swin
    visualization: /Users/jerry/Desktop/wavelet-transformer/experiments/WaveletNet-SIDD-width16_ConvNeXt_swin/visualization
  ]
  train:[
    optim_g:[
      type: AdamW
      lr: 0.0003
      weight_decay: 0.0001
      betas: [0.9, 0.999]
    ]
    scheduler:[
      type: CosineAnnealingRestartCyclicLR
      periods: [70000, 330000]
      restart_weights: [1, 1]
      eta_mins: [0.0003, 1e-07]
    ]
    total_iter: 400000
    warmup_iter: -1
    pixel_opt:[
      type: PSNRLoss
      loss_weight: 1
      reduction: mean
    ]
  ]
  val:[
    val_freq: 20000.0
    save_img: False
    use_image: False
    metrics:[
      psnr:[
        type: calculate_psnr
        crop_border: 0
        test_y_channel: False
      ]
      ssim:[
        type: calculate_ssim
        crop_border: 0
        test_y_channel: False
      ]
    ]
  ]
  logger:[
    print_freq: 200
    save_checkpoint_freq: 5000.0
    use_tb_logger: True
    wandb:[
      project: None
      resume_id: None
    ]
  ]
  dist_params:[
    backend: nccl
    port: 29500
  ]
  is_train: True
  dist: False
  rank: 0
  world_size: 1

2023-03-09 02:39:00,649 INFO: Dataset PairedImageDataset - SIDD is created.
2023-03-09 02:39:00,650 INFO: Training statistics:
	Number of train images: 30608
	Dataset enlarge ratio: 1
	Batch size per gpu: 8
	World size (gpu number): 1
	Require iter number per epoch: 3826
	Total epochs: 105; iters: 400000.
2023-03-09 02:39:00,652 INFO: Dataset PairedImageDataset - SIDD_val is created.
2023-03-09 02:39:00,652 INFO: Number of val images/folders in SIDD_val: 1280
