2023-01-10 01:48:49,103 INFO: 
                ____                _       _____  ____
               / __ ) ____ _ _____ (_)_____/ ___/ / __ \
              / __  |/ __ `// ___// // ___/\__ \ / /_/ /
             / /_/ // /_/ /(__  )/ // /__ ___/ // _, _/
            /_____/ \__,_//____//_/ \___//____//_/ |_|
     ______                   __   __                 __      __
    / ____/____   ____   ____/ /  / /   __  __ _____ / /__   / /
   / / __ / __ \ / __ \ / __  /  / /   / / / // ___// //_/  / /
  / /_/ // /_/ // /_/ // /_/ /  / /___/ /_/ // /__ / /<    /_/
  \____/ \____/ \____/ \____/  /_____/\____/ \___//_/|_|  (_)
    
Version Information: 
	BasicSR: 1.2.0+f508600
	PyTorch: 1.8.1
	TorchVision: 0.2.2
2023-01-10 01:48:49,103 INFO: 
  name: Baseline-SIDD-width64
  model_type: ImageRestorationModel
  scale: 1
  num_gpu: 8
  manual_seed: 10
  datasets:[
    train:[
      name: SIDD
      type: PairedImageDataset
      dataroot_gt: ./datasets/SIDD/train/gt_crops.lmdb
      dataroot_lq: ./datasets/SIDD/train/input_crops.lmdb
      filename_tmpl: {}
      io_backend:[
        type: lmdb
      ]
      gt_size: 256
      use_flip: False
      use_rot: False
      use_shuffle: True
      num_worker_per_gpu: 8
      batch_size_per_gpu: 8
      dataset_enlarge_ratio: 1
      prefetch_mode: None
      phase: train
      scale: 1
    ]
    val:[
      name: SIDD_val
      type: PairedImageDataset
      dataroot_gt: ./datasets/SIDD/val/gt_crops.lmdb
      dataroot_lq: ./datasets/SIDD/val/input_crops.lmdb
      io_backend:[
        type: lmdb
      ]
      phase: val
      scale: 1
    ]
  ]
  network_g:[
    type: Baseline
    width: 64
    enc_blk_nums: [2, 2, 4, 8]
    middle_blk_num: 12
    dec_blk_nums: [2, 2, 2, 2]
    dw_expand: 2
    ffn_expand: 2
  ]
  path:[
    pretrain_network_g: None
    strict_load_g: True
    resume_state: None
    root: /home/jerry/Desktop/wavelet-transformer
    experiments_root: /home/jerry/Desktop/wavelet-transformer/experiments/Baseline-SIDD-width64
    models: /home/jerry/Desktop/wavelet-transformer/experiments/Baseline-SIDD-width64/models
    training_states: /home/jerry/Desktop/wavelet-transformer/experiments/Baseline-SIDD-width64/training_states
    log: /home/jerry/Desktop/wavelet-transformer/experiments/Baseline-SIDD-width64
    visualization: /home/jerry/Desktop/wavelet-transformer/experiments/Baseline-SIDD-width64/visualization
  ]
  train:[
    optim_g:[
      type: AdamW
      lr: 0.001
      weight_decay: 0.0
      betas: [0.9, 0.9]
    ]
    scheduler:[
      type: TrueCosineAnnealingLR
      T_max: 400000
      eta_min: 1e-07
    ]
    total_iter: 400000
    warmup_iter: -1
    pixel_opt:[
      type: PSNRLoss
      loss_weight: 1
      reduction: mean
    ]
  ]
  val:[
    val_freq: 20000.0
    save_img: False
    use_image: False
    metrics:[
      psnr:[
        type: calculate_psnr
        crop_border: 0
        test_y_channel: False
      ]
      ssim:[
        type: calculate_ssim
        crop_border: 0
        test_y_channel: False
      ]
    ]
  ]
  logger:[
    print_freq: 200
    save_checkpoint_freq: 5000.0
    use_tb_logger: True
    wandb:[
      project: None
      resume_id: None
    ]
  ]
  dist_params:[
    backend: nccl
    port: 29500
  ]
  is_train: True
  dist: False
  rank: 0
  world_size: 1

