2023-01-11 15:49:30,446 INFO: 
                ____                _       _____  ____
               / __ ) ____ _ _____ (_)_____/ ___/ / __ \
              / __  |/ __ `// ___// // ___/\__ \ / /_/ /
             / /_/ // /_/ /(__  )/ // /__ ___/ // _, _/
            /_____/ \__,_//____//_/ \___//____//_/ |_|
     ______                   __   __                 __      __
    / ____/____   ____   ____/ /  / /   __  __ _____ / /__   / /
   / / __ / __ \ / __ \ / __  /  / /   / / / // ___// //_/  / /
  / /_/ // /_/ // /_/ // /_/ /  / /___/ /_/ // /__ / /<    /_/
  \____/ \____/ \____/ \____/  /_____/\____/ \___//_/|_|  (_)
    
Version Information: 
	BasicSR: 1.2.0+f508600
	PyTorch: 1.8.1
	TorchVision: 0.2.2
2023-01-11 15:49:30,446 INFO: 
  name: WaveletNet-SIDD-width32_ConvNeXt_Cswin
  model_type: ImageRestorationModel
  scale: 1
  num_gpu: 1
  manual_seed: 10
  datasets:[
    train:[
      name: SIDD
      type: PairedImageDataset
      dataroot_gt: ./data/SIDD/train/gt_crops.lmdb
      dataroot_lq: ./data/SIDD/train/input_crops.lmdb
      filename_tmpl: {}
      io_backend:[
        type: lmdb
      ]
      gt_size: 256
      use_flip: False
      use_rot: False
      use_shuffle: True
      num_worker_per_gpu: 12
      batch_size_per_gpu: 1
      dataset_enlarge_ratio: 1
      prefetch_mode: None
      phase: train
      scale: 1
    ]
    val:[
      name: SIDD_val
      type: PairedImageDataset
      dataroot_gt: ./data/SIDD/val/gt_crops.lmdb
      dataroot_lq: ./data/SIDD/val/input_crops.lmdb
      io_backend:[
        type: lmdb
      ]
      phase: val
      scale: 1
    ]
  ]
  network_g:[
    type: WaveletNet
    width: 32
    enc_blk_nums: [4, 6, 6]
    middle_blk_num: 8
    dec_blk_nums: [4, 6, 6]
    G: SE
    L: LocalConvNeXt
    S: True
  ]
  path:[
    pretrain_network_g: None
    strict_load_g: True
    resume_state: None
    root: /home/jerry/Desktop/wavelet-transformer
    experiments_root: /home/jerry/Desktop/wavelet-transformer/experiments/WaveletNet-SIDD-width32_ConvNeXt_Cswin
    models: /home/jerry/Desktop/wavelet-transformer/experiments/WaveletNet-SIDD-width32_ConvNeXt_Cswin/models
    training_states: /home/jerry/Desktop/wavelet-transformer/experiments/WaveletNet-SIDD-width32_ConvNeXt_Cswin/training_states
    log: /home/jerry/Desktop/wavelet-transformer/experiments/WaveletNet-SIDD-width32_ConvNeXt_Cswin
    visualization: /home/jerry/Desktop/wavelet-transformer/experiments/WaveletNet-SIDD-width32_ConvNeXt_Cswin/visualization
  ]
  train:[
    optim_g:[
      type: AdamW
      lr: 0.0003
      weight_decay: 0.0001
      betas: [0.9, 0.999]
    ]
    scheduler:[
      type: CosineAnnealingRestartCyclicLR
      periods: [70000, 330000]
      restart_weights: [1, 1]
      eta_mins: [0.0003, 1e-07]
    ]
    total_iter: 400000
    warmup_iter: -1
    pixel_opt:[
      type: PSNRLoss
      loss_weight: 1
      reduction: mean
    ]
  ]
  val:[
    val_freq: 20000.0
    save_img: False
    use_image: False
    metrics:[
      psnr:[
        type: calculate_psnr
        crop_border: 0
        test_y_channel: False
      ]
      ssim:[
        type: calculate_ssim
        crop_border: 0
        test_y_channel: False
      ]
    ]
  ]
  logger:[
    print_freq: 200
    save_checkpoint_freq: 5000.0
    use_tb_logger: True
    wandb:[
      project: None
      resume_id: None
    ]
  ]
  dist_params:[
    backend: nccl
    port: 29500
  ]
  is_train: True
  dist: False
  rank: 0
  world_size: 1

2023-01-11 15:49:30,783 INFO: Dataset PairedImageDataset - SIDD is created.
2023-01-11 15:49:30,784 INFO: Training statistics:
	Number of train images: 30608
	Dataset enlarge ratio: 1
	Batch size per gpu: 1
	World size (gpu number): 1
	Require iter number per epoch: 30608
	Total epochs: 14; iters: 400000.
2023-01-11 15:49:30,788 INFO: Dataset PairedImageDataset - SIDD_val is created.
2023-01-11 15:49:30,788 INFO: Number of val images/folders in SIDD_val: 1280
2023-01-11 15:49:39,022 INFO: Model [ImageRestorationModel] is created.
2023-01-11 15:49:39,379 INFO: Start training from epoch: 0, iter: 0
2023-01-11 15:53:20,424 INFO: [Wavel..][epoch:  0, iter:     200, lr:(3.000e-04,)] [eta: 5 days, 2:19:39, time (data): 1.135 (0.005)] l_pix: -3.5397e+01 
2023-01-11 15:58:14,661 INFO: [Wavel..][epoch:  0, iter:     400, lr:(3.000e-04,)] [eta: 5 days, 22:43:56, time (data): 1.333 (0.007)] l_pix: -3.2803e+01 
2023-01-11 16:03:38,464 INFO: [Wavel..][epoch:  0, iter:     600, lr:(3.000e-04,)] [eta: 6 days, 10:57:37, time (data): 1.240 (0.007)] l_pix: -3.7231e+01 
2023-01-11 16:09:06,026 INFO: [Wavel..][epoch:  0, iter:     800, lr:(3.000e-04,)] [eta: 6 days, 17:33:26, time (data): 1.416 (0.007)] l_pix: -3.4919e+01 
2023-01-11 16:14:25,152 INFO: [Wavel..][epoch:  0, iter:   1,000, lr:(3.000e-04,)] [eta: 6 days, 20:32:51, time (data): 1.074 (0.005)] l_pix: -2.8134e+01 
2023-01-11 16:14:25,155 WARNING: nondist_validation is not implemented. Run dist_validation.
