2022-11-02 17:16:28,513 INFO: 
                ____                _       _____  ____
               / __ ) ____ _ _____ (_)_____/ ___/ / __ \
              / __  |/ __ `// ___// // ___/\__ \ / /_/ /
             / /_/ // /_/ /(__  )/ // /__ ___/ // _, _/
            /_____/ \__,_//____//_/ \___//____//_/ |_|
     ______                   __   __                 __      __
    / ____/____   ____   ____/ /  / /   __  __ _____ / /__   / /
   / / __ / __ \ / __ \ / __  /  / /   / / / // ___// //_/  / /
  / /_/ // /_/ // /_/ // /_/ /  / /___/ /_/ // /__ / /<    /_/
  \____/ \____/ \____/ \____/  /_____/\____/ \___//_/|_|  (_)
    
Version Information: 
	BasicSR: 1.2.0+858f1c2
	PyTorch: 1.12.1
	TorchVision: 0.13.1
2022-11-02 17:16:28,513 INFO: 
  name: WaveletNet-GOPRO-width32_LocalAttention_LocalConvNext_True_MIX_PARA
  model_type: ImageRestorationModel
  scale: 1
  num_gpu: 1
  manual_seed: 10
  datasets:[
    train:[
      name: gopro-train
      type: PairedImageDataset
      dataroot_gt: ./datasets/GoPro/train/sharp_crops.lmdb
      dataroot_lq: ./datasets/GoPro/train/blur_crops.lmdb
      filename_tmpl: {}
      io_backend:[
        type: lmdb
      ]
      gt_size: 256
      use_flip: True
      use_rot: True
      use_shuffle: True
      num_worker_per_gpu: 8
      batch_size_per_gpu: 8
      dataset_enlarge_ratio: 1
      prefetch_mode: None
      phase: train
      scale: 1
    ]
    val:[
      name: gopro-test
      type: PairedImageDataset
      dataroot_gt: ./datasets/GoPro/test/target.lmdb
      dataroot_lq: ./datasets/GoPro/test/input.lmdb
      io_backend:[
        type: lmdb
      ]
      phase: val
      scale: 1
    ]
  ]
  network_g:[
    type: WaveletNet
    width: 32
    enc_blk_nums: [4, 4, 6]
    middle_blk_num: 8
    dec_blk_nums: [4, 4, 6]
    G: LocalAttention
    L: LocalConvNeXt
    S: True
  ]
  path:[
    pretrain_network_g: None
    strict_load_g: True
    resume_state: None
    root: /home/weishao/Projects/CVPR_2022/wavelet-transformer
    experiments_root: /home/weishao/Projects/CVPR_2022/wavelet-transformer/experiments/WaveletNet-GOPRO-width32_LocalAttention_LocalConvNext_True_MIX_PARA
    models: /home/weishao/Projects/CVPR_2022/wavelet-transformer/experiments/WaveletNet-GOPRO-width32_LocalAttention_LocalConvNext_True_MIX_PARA/models
    training_states: /home/weishao/Projects/CVPR_2022/wavelet-transformer/experiments/WaveletNet-GOPRO-width32_LocalAttention_LocalConvNext_True_MIX_PARA/training_states
    log: /home/weishao/Projects/CVPR_2022/wavelet-transformer/experiments/WaveletNet-GOPRO-width32_LocalAttention_LocalConvNext_True_MIX_PARA
    visualization: /home/weishao/Projects/CVPR_2022/wavelet-transformer/experiments/WaveletNet-GOPRO-width32_LocalAttention_LocalConvNext_True_MIX_PARA/visualization
  ]
  train:[
    optim_g:[
      type: AdamW
      lr: 0.0003
      weight_decay: 0.0001
      betas: [0.9, 0.999]
    ]
    scheduler:[
      type: CosineAnnealingRestartCyclicLR
      periods: [92000, 208000]
      restart_weights: [1, 1]
      eta_mins: [0.0003, 1e-07]
    ]
    total_iter: 300000
    warmup_iter: -1
    pixel_opt:[
      type: PSNRLoss
      loss_weight: 1
      reduction: mean
    ]
  ]
  val:[
    val_freq: 20000.0
    save_img: False
    use_image: False
    metrics:[
      psnr:[
        type: calculate_psnr
        crop_border: 0
        test_y_channel: False
      ]
      ssim:[
        type: calculate_ssim
        crop_border: 0
        test_y_channel: False
      ]
    ]
  ]
  logger:[
    print_freq: 200
    save_checkpoint_freq: 5000.0
    use_tb_logger: True
    wandb:[
      project: None
      resume_id: None
    ]
  ]
  dist_params:[
    backend: nccl
    port: 29500
  ]
  is_train: True
  dist: False
  rank: 0
  world_size: 1

2022-11-02 17:16:28,824 INFO: Dataset PairedImageDataset - gopro-train is created.
2022-11-02 17:16:28,824 INFO: Training statistics:
	Number of train images: 16824
	Dataset enlarge ratio: 1
	Batch size per gpu: 8
	World size (gpu number): 1
	Require iter number per epoch: 2103
	Total epochs: 143; iters: 300000.
2022-11-02 17:16:28,826 INFO: Dataset PairedImageDataset - gopro-test is created.
2022-11-02 17:16:28,826 INFO: Number of val images/folders in gopro-test: 1111
2022-11-02 17:16:30,112 INFO: Model [ImageRestorationModel] is created.
2022-11-02 17:16:30,214 INFO: Start training from epoch: 0, iter: 0
2022-11-02 17:20:14,316 INFO: [Wavel..][epoch:  0, iter:     200, lr:(3.000e-04,)] [eta: 3 days, 20:53:27, time (data): 1.100 (0.003)] l_pix: -2.4675e+01 
2022-11-02 17:23:55,646 INFO: [Wavel..][epoch:  0, iter:     400, lr:(3.000e-04,)] [eta: 3 days, 20:27:50, time (data): 1.105 (0.003)] l_pix: -2.9573e+01 
2022-11-02 17:27:35,844 INFO: [Wavel..][epoch:  0, iter:     600, lr:(3.000e-04,)] [eta: 3 days, 20:07:26, time (data): 1.096 (0.003)] l_pix: -2.7522e+01 
2022-11-02 17:31:16,623 INFO: [Wavel..][epoch:  0, iter:     800, lr:(3.000e-04,)] [eta: 3 days, 19:58:59, time (data): 1.103 (0.003)] l_pix: -2.4955e+01 
2022-11-02 17:34:57,057 INFO: [Wavel..][epoch:  0, iter:   1,000, lr:(3.000e-04,)] [eta: 3 days, 19:50:44, time (data): 1.130 (0.003)] l_pix: -2.4572e+01 
2022-11-02 17:34:57,058 WARNING: nondist_validation is not implemented. Run dist_validation.
2022-11-02 18:02:36,645 INFO: Validation gopro-test, 		 # psnr: 25.7543	 # ssim: 0.8613
