2023-01-11 15:22:56,055 INFO: 
                ____                _       _____  ____
               / __ ) ____ _ _____ (_)_____/ ___/ / __ \
              / __  |/ __ `// ___// // ___/\__ \ / /_/ /
             / /_/ // /_/ /(__  )/ // /__ ___/ // _, _/
            /_____/ \__,_//____//_/ \___//____//_/ |_|
     ______                   __   __                 __      __
    / ____/____   ____   ____/ /  / /   __  __ _____ / /__   / /
   / / __ / __ \ / __ \ / __  /  / /   / / / // ___// //_/  / /
  / /_/ // /_/ // /_/ // /_/ /  / /___/ /_/ // /__ / /<    /_/
  \____/ \____/ \____/ \____/  /_____/\____/ \___//_/|_|  (_)
    
Version Information: 
	BasicSR: 1.2.0+f508600
	PyTorch: 1.8.1
	TorchVision: 0.2.2
2023-01-11 15:22:56,056 INFO: 
  name: NAFNet-SIDD-width64
  model_type: ImageRestorationModel
  scale: 1
  num_gpu: 1
  manual_seed: 10
  datasets:[
    train:[
      name: SIDD
      type: PairedImageDataset
      dataroot_gt: ./data/SIDD/train/gt_crops.lmdb
      dataroot_lq: ./data/SIDD/train/input_crops.lmdb
      filename_tmpl: {}
      io_backend:[
        type: lmdb
      ]
      gt_size: 256
      use_flip: False
      use_rot: False
      use_shuffle: True
      num_worker_per_gpu: 8
      batch_size_per_gpu: 1
      dataset_enlarge_ratio: 1
      prefetch_mode: None
      phase: train
      scale: 1
    ]
    val:[
      name: SIDD_val
      type: PairedImageDataset
      dataroot_gt: ./data/SIDD/val/gt_crops.lmdb
      dataroot_lq: ./data/SIDD/val/input_crops.lmdb
      io_backend:[
        type: lmdb
      ]
      phase: val
      scale: 1
    ]
  ]
  network_g:[
    type: NAFNet
    width: 32
    enc_blk_nums: [1, 1, 1, 1]
    middle_blk_num: 1
    dec_blk_nums: [1, 1, 1, 1]
  ]
  path:[
    pretrain_network_g: None
    strict_load_g: True
    resume_state: None
    root: /home/jerry/Desktop/wavelet-transformer
    experiments_root: /home/jerry/Desktop/wavelet-transformer/experiments/NAFNet-SIDD-width64
    models: /home/jerry/Desktop/wavelet-transformer/experiments/NAFNet-SIDD-width64/models
    training_states: /home/jerry/Desktop/wavelet-transformer/experiments/NAFNet-SIDD-width64/training_states
    log: /home/jerry/Desktop/wavelet-transformer/experiments/NAFNet-SIDD-width64
    visualization: /home/jerry/Desktop/wavelet-transformer/experiments/NAFNet-SIDD-width64/visualization
  ]
  train:[
    optim_g:[
      type: AdamW
      lr: 0.001
      weight_decay: 0.0
      betas: [0.9, 0.9]
    ]
    scheduler:[
      type: TrueCosineAnnealingLR
      T_max: 400000
      eta_min: 1e-07
    ]
    total_iter: 400000
    warmup_iter: -1
    pixel_opt:[
      type: PSNRLoss
      loss_weight: 1
      reduction: mean
    ]
  ]
  val:[
    val_freq: 20000.0
    save_img: False
    use_image: False
    metrics:[
      psnr:[
        type: calculate_psnr
        crop_border: 0
        test_y_channel: False
      ]
      ssim:[
        type: calculate_ssim
        crop_border: 0
        test_y_channel: False
      ]
    ]
  ]
  logger:[
    print_freq: 200
    save_checkpoint_freq: 5000.0
    use_tb_logger: True
    wandb:[
      project: None
      resume_id: None
    ]
  ]
  dist_params:[
    backend: nccl
    port: 29500
  ]
  is_train: True
  dist: False
  rank: 0
  world_size: 1

2023-01-11 15:22:56,245 INFO: Dataset PairedImageDataset - SIDD is created.
2023-01-11 15:22:56,245 INFO: Training statistics:
	Number of train images: 30608
	Dataset enlarge ratio: 1
	Batch size per gpu: 1
	World size (gpu number): 1
	Require iter number per epoch: 30608
	Total epochs: 14; iters: 400000.
2023-01-11 15:22:56,248 INFO: Dataset PairedImageDataset - SIDD_val is created.
2023-01-11 15:22:56,248 INFO: Number of val images/folders in SIDD_val: 1280
2023-01-11 15:22:59,637 INFO: Model [ImageRestorationModel] is created.
2023-01-11 15:22:59,879 INFO: Start training from epoch: 0, iter: 0
2023-01-11 15:23:13,878 INFO: [NAFNe..][epoch:  0, iter:     200, lr:(1.000e-03,)] [eta: 7:52:05, time (data): 0.069 (0.002)] l_pix: -3.7410e+01 
2023-01-11 15:23:27,196 INFO: [NAFNe..][epoch:  0, iter:     400, lr:(1.000e-03,)] [eta: 7:37:42, time (data): 0.062 (0.002)] l_pix: -3.3640e+01 
2023-01-11 15:23:40,441 INFO: [NAFNe..][epoch:  0, iter:     600, lr:(1.000e-03,)] [eta: 7:31:56, time (data): 0.073 (0.002)] l_pix: -3.7972e+01 
2023-01-11 15:23:57,764 INFO: [NAFNe..][epoch:  0, iter:     800, lr:(1.000e-03,)] [eta: 8:02:49, time (data): 0.097 (0.004)] l_pix: -3.6127e+01 
2023-01-11 15:24:21,439 INFO: [NAFNe..][epoch:  0, iter:   1,000, lr:(1.000e-03,)] [eta: 9:03:26, time (data): 0.146 (0.002)] l_pix: -2.8437e+01 
2023-01-11 15:24:21,440 WARNING: nondist_validation is not implemented. Run dist_validation.
